<?xml version="1.0" encoding="UTF-8"?>
<testsuite name="itmo.programming.services.AreaCheckServiceTest" tests="15" skipped="0" failures="0" errors="0" timestamp="2026-04-28T18:46:00" hostname="george-Modern-14-B11MOU" time="0.091">
  <properties/>
  <testcase name="[1] x=0.0, y=1.0, r=1.0 -&gt; true" classname="itmo.programming.services.AreaCheckServiceTest" time="0.033"/>
  <testcase name="[2] x=-1.0, y=0.0, r=1.0 -&gt; true" classname="itmo.programming.services.AreaCheckServiceTest" time="0.002"/>
  <testcase name="[3] x=-0.5, y=0.5, r=1.0 -&gt; true" classname="itmo.programming.services.AreaCheckServiceTest" time="0.002"/>
  <testcase name="[4] x=-1.0, y=1.0, r=1.0 -&gt; false" classname="itmo.programming.services.AreaCheckServiceTest" time="0.003"/>
  <testcase name="[5] x=-1.0, y=-0.5, r=1.0 -&gt; true" classname="itmo.programming.services.AreaCheckServiceTest" time="0.002"/>
  <testcase name="[6] x=-0.5, y=-0.2, r=1.0 -&gt; true" classname="itmo.programming.services.AreaCheckServiceTest" time="0.002"/>
  <testcase name="[7] x=-1.1, y=-0.2, r=1.0 -&gt; false" classname="itmo.programming.services.AreaCheckServiceTest" time="0.001"/>
  <testcase name="[8] x=-0.5, y=-0.6, r=1.0 -&gt; false" classname="itmo.programming.services.AreaCheckServiceTest" time="0.002"/>
  <testcase name="[9] x=1.0, y=0.0, r=1.0 -&gt; true" classname="itmo.programming.services.AreaCheckServiceTest" time="0.002"/>
  <testcase name="[10] x=0.5, y=-0.2, r=1.0 -&gt; true" classname="itmo.programming.services.AreaCheckServiceTest" time="0.002"/>
  <testcase name="[11] x=0.5, y=-0.5, r=1.0 -&gt; true" classname="itmo.programming.services.AreaCheckServiceTest" time="0.003"/>
  <testcase name="[12] x=0.8, y=-0.8, r=1.0 -&gt; false" classname="itmo.programming.services.AreaCheckServiceTest" time="0.001"/>
  <testcase name="[13] x=0.1, y=0.1, r=1.0 -&gt; false" classname="itmo.programming.services.AreaCheckServiceTest" time="0.001"/>
  <testcase name="[14] x=0.0, y=0.0, r=1.0 -&gt; true" classname="itmo.programming.services.AreaCheckServiceTest" time="0.001"/>
  <testcase name="[15] x=0.0, y=0.0, r=5.0 -&gt; true" classname="itmo.programming.services.AreaCheckServiceTest" time="0.001"/>
  <system-out><![CDATA[]]></system-out>
  <system-err><![CDATA[]]></system-err>
</testsuite>
